{"C:\\Users\\omara\\OneDrive\\Escritorio\\densityLabs\\densityLabTS\\backend\\src\\prismaClient.ts": {"path":"C:\\Users\\omara\\OneDrive\\Escritorio\\densityLabs\\densityLabTS\\backend\\src\\prismaClient.ts","statementMap":{"0":{"start":{"line":1,"column":0},"end":{"line":1,"column":46}},"1":{"start":{"line":3,"column":15},"end":{"line":3,"column":33}},"2":{"start":{"line":5,"column":9},"end":{"line":5,"column":15}}},"fnMap":{},"branchMap":{},"s":{"0":1,"1":1,"2":1},"f":{},"b":{}}
,"C:\\Users\\omara\\OneDrive\\Escritorio\\densityLabs\\densityLabTS\\backend\\src\\server.ts": {"path":"C:\\Users\\omara\\OneDrive\\Escritorio\\densityLabs\\densityLabTS\\backend\\src\\server.ts","statementMap":{"0":{"start":{"line":1,"column":0},"end":{"line":1,"column":53}},"1":{"start":{"line":2,"column":0},"end":{"line":2,"column":28}},"2":{"start":{"line":3,"column":0},"end":{"line":3,"column":53}},"3":{"start":{"line":4,"column":0},"end":{"line":4,"column":24}},"4":{"start":{"line":5,"column":0},"end":{"line":5,"column":16}},"5":{"start":{"line":6,"column":20},"end":{"line":10,"column":2}},"6":{"start":{"line":11,"column":12},"end":{"line":11,"column":21}},"7":{"start":{"line":12,"column":0},"end":{"line":12,"column":24}},"8":{"start":{"line":13,"column":0},"end":{"line":13,"column":27}},"9":{"start":{"line":14,"column":13},"end":{"line":14,"column":37}},"10":{"start":{"line":16,"column":0},"end":{"line":18,"column":3}},"11":{"start":{"line":17,"column":2},"end":{"line":17,"column":57}},"12":{"start":{"line":20,"column":0},"end":{"line":20,"column":41}},"13":{"start":{"line":21,"column":0},"end":{"line":21,"column":19}},"14":{"start":{"line":22,"column":0},"end":{"line":24,"column":3}},"15":{"start":{"line":23,"column":22},"end":{"line":23,"column":121}},"16":{"start":{"line":31,"column":85},"end":{"line":31,"column":40025}},"17":{"start":{"line":31,"column":89},"end":{"line":31,"column":40014}},"18":{"start":{"line":31,"column":40140},"end":{"line":31,"column":40146}},"19":{"start":{"line":31,"column":40261},"end":{"line":31,"column":40267}},"20":{"start":{"line":31,"column":40382},"end":{"line":31,"column":40388}},"21":{"start":{"line":31,"column":40507},"end":{"line":31,"column":40513}},"22":{"start":{"line":31,"column":40657},"end":{"line":31,"column":40663}}},"fnMap":{"0":{"name":"(anonymous_1)","decl":{"start":{"line":16,"column":17},"end":{"line":16,"column":18}},"loc":{"start":{"line":16,"column":49},"end":{"line":18,"column":1}}},"1":{"name":"(anonymous_2)","decl":{"start":{"line":22,"column":17},"end":{"line":22,"column":20}},"loc":{"start":{"line":22,"column":22},"end":{"line":24,"column":1}}},"2":{"name":"oo_cm","decl":{"start":{"line":31,"column":77},"end":{"line":31,"column":82}},"loc":{"start":{"line":31,"column":82},"end":{"line":31,"column":40026}}}},"branchMap":{"0":{"loc":{"start":{"line":14,"column":13},"end":{"line":14,"column":37}},"type":"binary-expr","locations":[{"start":{"line":14,"column":13},"end":{"line":14,"column":29}},{"start":{"line":14,"column":33},"end":{"line":14,"column":37}}]},"1":{"loc":{"start":{"line":31,"column":96},"end":{"line":31,"column":40013}},"type":"binary-expr","locations":[{"start":{"line":31,"column":96},"end":{"line":31,"column":133}},{"start":{"line":31,"column":137},"end":{"line":31,"column":40013}}]}},"s":{"0":1,"1":1,"2":1,"3":1,"4":1,"5":1,"6":1,"7":1,"8":1,"9":1,"10":1,"11":1,"12":1,"13":1,"14":1,"15":1,"16":1,"17":1,"18":1,"19":1,"20":1,"21":1,"22":1},"f":{"0":1,"1":1,"2":1},"b":{"0":[1,0],"1":[1,1]}}
,"C:\\Users\\omara\\OneDrive\\Escritorio\\densityLabs\\densityLabTS\\backend\\src\\controllers\\commentController.ts": {"path":"C:\\Users\\omara\\OneDrive\\Escritorio\\densityLabs\\densityLabTS\\backend\\src\\controllers\\commentController.ts","statementMap":{"0":{"start":{"line":1,"column":0},"end":{"line":1,"column":46}},"1":{"start":{"line":4,"column":15},"end":{"line":4,"column":33}},"2":{"start":{"line":10,"column":29},"end":{"line":37,"column":2}},"3":{"start":{"line":10,"column":67},"end":{"line":37,"column":2}},"4":{"start":{"line":11,"column":2},"end":{"line":36,"column":3}},"5":{"start":{"line":13,"column":31},"end":{"line":13,"column":77}},"6":{"start":{"line":15,"column":4},"end":{"line":29,"column":5}},"7":{"start":{"line":16,"column":6},"end":{"line":20,"column":9}},"8":{"start":{"line":22,"column":25},"end":{"line":24,"column":8}},"9":{"start":{"line":26,"column":6},"end":{"line":28,"column":75}},"10":{"start":{"line":31,"column":4},"end":{"line":35,"column":7}},"11":{"start":{"line":10,"column":13},"end":{"line":10,"column":29}},"12":{"start":{"line":43,"column":30},"end":{"line":66,"column":2}},"13":{"start":{"line":43,"column":68},"end":{"line":66,"column":2}},"14":{"start":{"line":44,"column":2},"end":{"line":65,"column":3}},"15":{"start":{"line":45,"column":21},"end":{"line":52,"column":6}},"16":{"start":{"line":54,"column":4},"end":{"line":58,"column":7}},"17":{"start":{"line":60,"column":4},"end":{"line":64,"column":7}},"18":{"start":{"line":43,"column":13},"end":{"line":43,"column":30}},"19":{"start":{"line":72,"column":29},"end":{"line":114,"column":2}},"20":{"start":{"line":72,"column":67},"end":{"line":114,"column":2}},"21":{"start":{"line":73,"column":2},"end":{"line":113,"column":3}},"22":{"start":{"line":74,"column":19},"end":{"line":74,"column":47}},"23":{"start":{"line":75,"column":25},"end":{"line":77,"column":6}},"24":{"start":{"line":79,"column":4},"end":{"line":106,"column":5}},"25":{"start":{"line":80,"column":6},"end":{"line":84,"column":9}},"26":{"start":{"line":86,"column":33},"end":{"line":86,"column":79}},"27":{"start":{"line":88,"column":6},"end":{"line":105,"column":7}},"28":{"start":{"line":89,"column":8},"end":{"line":93,"column":11}},"29":{"start":{"line":95,"column":31},"end":{"line":98,"column":10}},"30":{"start":{"line":100,"column":8},"end":{"line":104,"column":11}},"31":{"start":{"line":108,"column":4},"end":{"line":112,"column":7}},"32":{"start":{"line":72,"column":13},"end":{"line":72,"column":29}},"33":{"start":{"line":120,"column":29},"end":{"line":151,"column":2}},"34":{"start":{"line":120,"column":67},"end":{"line":151,"column":2}},"35":{"start":{"line":121,"column":2},"end":{"line":150,"column":3}},"36":{"start":{"line":122,"column":19},"end":{"line":122,"column":47}},"37":{"start":{"line":123,"column":20},"end":{"line":125,"column":6}},"38":{"start":{"line":127,"column":4},"end":{"line":143,"column":5}},"39":{"start":{"line":128,"column":6},"end":{"line":132,"column":9}},"40":{"start":{"line":134,"column":6},"end":{"line":136,"column":9}},"41":{"start":{"line":138,"column":6},"end":{"line":142,"column":9}},"42":{"start":{"line":145,"column":4},"end":{"line":149,"column":7}},"43":{"start":{"line":120,"column":13},"end":{"line":120,"column":29}},"44":{"start":{"line":157,"column":27},"end":{"line":204,"column":2}},"45":{"start":{"line":157,"column":65},"end":{"line":204,"column":2}},"46":{"start":{"line":158,"column":2},"end":{"line":203,"column":3}},"47":{"start":{"line":159,"column":31},"end":{"line":159,"column":null}},"48":{"start":{"line":165,"column":4},"end":{"line":165,"column":25}},"49":{"start":{"line":166,"column":4},"end":{"line":166,"column":25}},"50":{"start":{"line":168,"column":4},"end":{"line":196,"column":5}},"51":{"start":{"line":169,"column":6},"end":{"line":173,"column":9}},"52":{"start":{"line":175,"column":27},"end":{"line":177,"column":8}},"53":{"start":{"line":179,"column":6},"end":{"line":195,"column":7}},"54":{"start":{"line":180,"column":8},"end":{"line":184,"column":11}},"55":{"start":{"line":186,"column":25},"end":{"line":188,"column":10}},"56":{"start":{"line":190,"column":8},"end":{"line":194,"column":11}},"57":{"start":{"line":198,"column":4},"end":{"line":202,"column":7}},"58":{"start":{"line":157,"column":13},"end":{"line":157,"column":27}},"59":{"start":{"line":209,"column":25},"end":{"line":237,"column":2}},"60":{"start":{"line":209,"column":63},"end":{"line":237,"column":2}},"61":{"start":{"line":210,"column":2},"end":{"line":236,"column":3}},"62":{"start":{"line":211,"column":19},"end":{"line":211,"column":29}},"63":{"start":{"line":213,"column":18},"end":{"line":215,"column":6}},"64":{"start":{"line":217,"column":4},"end":{"line":229,"column":5}},"65":{"start":{"line":218,"column":6},"end":{"line":222,"column":9}},"66":{"start":{"line":224,"column":6},"end":{"line":228,"column":9}},"67":{"start":{"line":231,"column":4},"end":{"line":235,"column":7}},"68":{"start":{"line":209,"column":13},"end":{"line":209,"column":25}},"69":{"start":{"line":243,"column":27},"end":{"line":288,"column":2}},"70":{"start":{"line":243,"column":65},"end":{"line":288,"column":2}},"71":{"start":{"line":244,"column":2},"end":{"line":287,"column":3}},"72":{"start":{"line":245,"column":19},"end":{"line":245,"column":29}},"73":{"start":{"line":246,"column":29},"end":{"line":246,"column":37}},"74":{"start":{"line":249,"column":4},"end":{"line":280,"column":5}},"75":{"start":{"line":250,"column":6},"end":{"line":254,"column":9}},"76":{"start":{"line":257,"column":25},"end":{"line":259,"column":8}},"77":{"start":{"line":261,"column":6},"end":{"line":279,"column":7}},"78":{"start":{"line":262,"column":8},"end":{"line":266,"column":11}},"79":{"start":{"line":269,"column":29},"end":{"line":272,"column":10}},"80":{"start":{"line":274,"column":8},"end":{"line":278,"column":11}},"81":{"start":{"line":282,"column":4},"end":{"line":286,"column":7}},"82":{"start":{"line":243,"column":13},"end":{"line":243,"column":27}},"83":{"start":{"line":294,"column":27},"end":{"line":326,"column":2}},"84":{"start":{"line":294,"column":65},"end":{"line":326,"column":2}},"85":{"start":{"line":295,"column":2},"end":{"line":325,"column":3}},"86":{"start":{"line":296,"column":19},"end":{"line":296,"column":29}},"87":{"start":{"line":298,"column":18},"end":{"line":300,"column":6}},"88":{"start":{"line":302,"column":4},"end":{"line":318,"column":5}},"89":{"start":{"line":303,"column":6},"end":{"line":307,"column":9}},"90":{"start":{"line":309,"column":6},"end":{"line":311,"column":9}},"91":{"start":{"line":313,"column":6},"end":{"line":317,"column":9}},"92":{"start":{"line":320,"column":4},"end":{"line":324,"column":7}},"93":{"start":{"line":294,"column":13},"end":{"line":294,"column":27}}},"fnMap":{"0":{"name":"(anonymous_7)","decl":{"start":{"line":10,"column":29},"end":{"line":10,"column":36}},"loc":{"start":{"line":10,"column":67},"end":{"line":37,"column":2}}},"1":{"name":"(anonymous_8)","decl":{"start":{"line":10,"column":67},"end":{"line":10,"column":null}},"loc":{"start":{"line":10,"column":67},"end":{"line":37,"column":1}}},"2":{"name":"(anonymous_9)","decl":{"start":{"line":43,"column":30},"end":{"line":43,"column":37}},"loc":{"start":{"line":43,"column":68},"end":{"line":66,"column":2}}},"3":{"name":"(anonymous_10)","decl":{"start":{"line":43,"column":68},"end":{"line":43,"column":null}},"loc":{"start":{"line":43,"column":68},"end":{"line":66,"column":1}}},"4":{"name":"(anonymous_11)","decl":{"start":{"line":72,"column":29},"end":{"line":72,"column":36}},"loc":{"start":{"line":72,"column":67},"end":{"line":114,"column":2}}},"5":{"name":"(anonymous_12)","decl":{"start":{"line":72,"column":67},"end":{"line":72,"column":null}},"loc":{"start":{"line":72,"column":67},"end":{"line":114,"column":1}}},"6":{"name":"(anonymous_13)","decl":{"start":{"line":120,"column":29},"end":{"line":120,"column":36}},"loc":{"start":{"line":120,"column":67},"end":{"line":151,"column":2}}},"7":{"name":"(anonymous_14)","decl":{"start":{"line":120,"column":67},"end":{"line":120,"column":null}},"loc":{"start":{"line":120,"column":67},"end":{"line":151,"column":1}}},"8":{"name":"(anonymous_15)","decl":{"start":{"line":157,"column":27},"end":{"line":157,"column":34}},"loc":{"start":{"line":157,"column":65},"end":{"line":204,"column":2}}},"9":{"name":"(anonymous_16)","decl":{"start":{"line":157,"column":65},"end":{"line":157,"column":null}},"loc":{"start":{"line":157,"column":65},"end":{"line":204,"column":1}}},"10":{"name":"(anonymous_17)","decl":{"start":{"line":209,"column":25},"end":{"line":209,"column":32}},"loc":{"start":{"line":209,"column":63},"end":{"line":237,"column":2}}},"11":{"name":"(anonymous_18)","decl":{"start":{"line":209,"column":63},"end":{"line":209,"column":null}},"loc":{"start":{"line":209,"column":63},"end":{"line":237,"column":1}}},"12":{"name":"(anonymous_19)","decl":{"start":{"line":243,"column":27},"end":{"line":243,"column":34}},"loc":{"start":{"line":243,"column":65},"end":{"line":288,"column":2}}},"13":{"name":"(anonymous_20)","decl":{"start":{"line":243,"column":65},"end":{"line":243,"column":null}},"loc":{"start":{"line":243,"column":65},"end":{"line":288,"column":1}}},"14":{"name":"(anonymous_21)","decl":{"start":{"line":294,"column":27},"end":{"line":294,"column":34}},"loc":{"start":{"line":294,"column":65},"end":{"line":326,"column":2}}},"15":{"name":"(anonymous_22)","decl":{"start":{"line":294,"column":65},"end":{"line":294,"column":null}},"loc":{"start":{"line":294,"column":65},"end":{"line":326,"column":1}}}},"branchMap":{"0":{"loc":{"start":{"line":15,"column":4},"end":{"line":29,"column":5}},"type":"if","locations":[{"start":{"line":15,"column":4},"end":{"line":29,"column":5}},{"start":{"line":21,"column":11},"end":{"line":29,"column":5}}]},"1":{"loc":{"start":{"line":15,"column":8},"end":{"line":15,"column":60}},"type":"binary-expr","locations":[{"start":{"line":15,"column":8},"end":{"line":15,"column":16}},{"start":{"line":15,"column":20},"end":{"line":15,"column":26}},{"start":{"line":15,"column":30},"end":{"line":15,"column":44}},{"start":{"line":15,"column":48},"end":{"line":15,"column":60}}]},"2":{"loc":{"start":{"line":79,"column":4},"end":{"line":106,"column":5}},"type":"if","locations":[{"start":{"line":79,"column":4},"end":{"line":106,"column":5}},{"start":{"line":85,"column":11},"end":{"line":106,"column":5}}]},"3":{"loc":{"start":{"line":88,"column":6},"end":{"line":105,"column":7}},"type":"if","locations":[{"start":{"line":88,"column":6},"end":{"line":105,"column":7}},{"start":{"line":94,"column":13},"end":{"line":105,"column":7}}]},"4":{"loc":{"start":{"line":88,"column":10},"end":{"line":88,"column":62}},"type":"binary-expr","locations":[{"start":{"line":88,"column":10},"end":{"line":88,"column":18}},{"start":{"line":88,"column":22},"end":{"line":88,"column":28}},{"start":{"line":88,"column":32},"end":{"line":88,"column":46}},{"start":{"line":88,"column":50},"end":{"line":88,"column":62}}]},"5":{"loc":{"start":{"line":127,"column":4},"end":{"line":143,"column":5}},"type":"if","locations":[{"start":{"line":127,"column":4},"end":{"line":143,"column":5}},{"start":{"line":133,"column":11},"end":{"line":143,"column":5}}]},"6":{"loc":{"start":{"line":168,"column":4},"end":{"line":196,"column":5}},"type":"if","locations":[{"start":{"line":168,"column":4},"end":{"line":196,"column":5}},{"start":{"line":174,"column":11},"end":{"line":196,"column":5}}]},"7":{"loc":{"start":{"line":168,"column":8},"end":{"line":168,"column":63}},"type":"binary-expr","locations":[{"start":{"line":168,"column":8},"end":{"line":168,"column":11}},{"start":{"line":168,"column":15},"end":{"line":168,"column":21}},{"start":{"line":168,"column":25},"end":{"line":168,"column":31}},{"start":{"line":168,"column":35},"end":{"line":168,"column":47}},{"start":{"line":168,"column":51},"end":{"line":168,"column":63}}]},"8":{"loc":{"start":{"line":179,"column":6},"end":{"line":195,"column":7}},"type":"if","locations":[{"start":{"line":179,"column":6},"end":{"line":195,"column":7}},{"start":{"line":185,"column":13},"end":{"line":195,"column":7}}]},"9":{"loc":{"start":{"line":217,"column":4},"end":{"line":229,"column":5}},"type":"if","locations":[{"start":{"line":217,"column":4},"end":{"line":229,"column":5}},{"start":{"line":223,"column":11},"end":{"line":229,"column":5}}]},"10":{"loc":{"start":{"line":249,"column":4},"end":{"line":280,"column":5}},"type":"if","locations":[{"start":{"line":249,"column":4},"end":{"line":280,"column":5}},{"start":{"line":255,"column":11},"end":{"line":280,"column":5}}]},"11":{"loc":{"start":{"line":249,"column":8},"end":{"line":249,"column":56}},"type":"binary-expr","locations":[{"start":{"line":249,"column":8},"end":{"line":249,"column":14}},{"start":{"line":249,"column":18},"end":{"line":249,"column":24}},{"start":{"line":249,"column":28},"end":{"line":249,"column":40}},{"start":{"line":249,"column":44},"end":{"line":249,"column":56}}]},"12":{"loc":{"start":{"line":261,"column":6},"end":{"line":279,"column":7}},"type":"if","locations":[{"start":{"line":261,"column":6},"end":{"line":279,"column":7}},{"start":{"line":267,"column":13},"end":{"line":279,"column":7}}]},"13":{"loc":{"start":{"line":302,"column":4},"end":{"line":318,"column":5}},"type":"if","locations":[{"start":{"line":302,"column":4},"end":{"line":318,"column":5}},{"start":{"line":308,"column":11},"end":{"line":318,"column":5}}]}},"s":{"0":1,"1":1,"2":1,"3":2,"4":2,"5":2,"6":2,"7":1,"8":1,"9":1,"10":0,"11":1,"12":1,"13":1,"14":1,"15":1,"16":1,"17":0,"18":1,"19":1,"20":3,"21":3,"22":3,"23":3,"24":3,"25":1,"26":2,"27":2,"28":1,"29":1,"30":1,"31":0,"32":1,"33":1,"34":2,"35":2,"36":2,"37":2,"38":2,"39":1,"40":1,"41":1,"42":0,"43":1,"44":1,"45":3,"46":3,"47":3,"48":3,"49":3,"50":3,"51":1,"52":2,"53":2,"54":1,"55":1,"56":1,"57":0,"58":1,"59":1,"60":2,"61":2,"62":2,"63":2,"64":2,"65":1,"66":1,"67":0,"68":1,"69":1,"70":2,"71":2,"72":2,"73":2,"74":2,"75":0,"76":2,"77":2,"78":1,"79":1,"80":1,"81":0,"82":1,"83":1,"84":2,"85":2,"86":2,"87":2,"88":2,"89":1,"90":1,"91":1,"92":0,"93":1},"f":{"0":2,"1":2,"2":1,"3":1,"4":3,"5":3,"6":2,"7":2,"8":3,"9":3,"10":2,"11":2,"12":2,"13":2,"14":2,"15":2},"b":{"0":[1,1],"1":[2,1,1,1],"2":[1,2],"3":[1,1],"4":[2,1,1,1],"5":[1,1],"6":[1,2],"7":[3,3,2,2,2],"8":[1,1],"9":[1,1],"10":[0,2],"11":[2,2,2,2],"12":[1,1],"13":[1,1]}}
,"C:\\Users\\omara\\OneDrive\\Escritorio\\densityLabs\\densityLabTS\\backend\\src\\routes\\commentsRoutes.ts": {"path":"C:\\Users\\omara\\OneDrive\\Escritorio\\densityLabs\\densityLabTS\\backend\\src\\routes\\commentsRoutes.ts","statementMap":{"0":{"start":{"line":1,"column":0},"end":{"line":1,"column":33}},"1":{"start":{"line":2,"column":0},"end":{"line":2,"column":null}},"2":{"start":{"line":13,"column":15},"end":{"line":13,"column":23}},"3":{"start":{"line":15,"column":0},"end":{"line":15,"column":32}},"4":{"start":{"line":16,"column":0},"end":{"line":16,"column":32}},"5":{"start":{"line":17,"column":0},"end":{"line":17,"column":34}},"6":{"start":{"line":18,"column":0},"end":{"line":18,"column":37}},"7":{"start":{"line":19,"column":0},"end":{"line":19,"column":38}},"8":{"start":{"line":20,"column":0},"end":{"line":20,"column":38}},"9":{"start":{"line":21,"column":0},"end":{"line":21,"column":40}},"10":{"start":{"line":22,"column":0},"end":{"line":22,"column":43}},"11":{"start":{"line":24,"column":0},"end":{"line":24,"column":22}}},"fnMap":{},"branchMap":{},"s":{"0":1,"1":1,"2":1,"3":1,"4":1,"5":1,"6":1,"7":1,"8":1,"9":1,"10":1,"11":1},"f":{},"b":{}}
}
