TN:
SF:src\prismaClient.ts
FNF:0
FNH:0
DA:1,1
DA:3,1
DA:5,1
LF:3
LH:3
BRF:0
BRH:0
end_of_record
TN:
SF:src\server.ts
FN:16,(anonymous_1)
FN:22,(anonymous_2)
FN:31,oo_cm
FNF:3
FNH:3
FNDA:1,(anonymous_1)
FNDA:1,(anonymous_2)
FNDA:1,oo_cm
DA:1,1
DA:2,1
DA:3,1
DA:4,1
DA:5,1
DA:6,1
DA:11,1
DA:12,1
DA:13,1
DA:14,1
DA:16,1
DA:17,1
DA:20,1
DA:21,1
DA:22,1
DA:23,1
DA:31,1
LF:17
LH:17
BRDA:14,0,0,1
BRDA:14,0,1,0
BRDA:31,1,0,1
BRDA:31,1,1,1
BRF:4
BRH:3
end_of_record
TN:
SF:src\controllers\commentController.ts
FN:10,(anonymous_7)
FN:10,(anonymous_8)
FN:43,(anonymous_9)
FN:43,(anonymous_10)
FN:72,(anonymous_11)
FN:72,(anonymous_12)
FN:120,(anonymous_13)
FN:120,(anonymous_14)
FN:157,(anonymous_15)
FN:157,(anonymous_16)
FN:209,(anonymous_17)
FN:209,(anonymous_18)
FN:243,(anonymous_19)
FN:243,(anonymous_20)
FN:294,(anonymous_21)
FN:294,(anonymous_22)
FNF:16
FNH:16
FNDA:2,(anonymous_7)
FNDA:2,(anonymous_8)
FNDA:1,(anonymous_9)
FNDA:1,(anonymous_10)
FNDA:3,(anonymous_11)
FNDA:3,(anonymous_12)
FNDA:2,(anonymous_13)
FNDA:2,(anonymous_14)
FNDA:3,(anonymous_15)
FNDA:3,(anonymous_16)
FNDA:2,(anonymous_17)
FNDA:2,(anonymous_18)
FNDA:2,(anonymous_19)
FNDA:2,(anonymous_20)
FNDA:2,(anonymous_21)
FNDA:2,(anonymous_22)
DA:1,1
DA:4,1
DA:10,2
DA:11,2
DA:13,2
DA:15,2
DA:16,1
DA:22,1
DA:26,1
DA:31,0
DA:43,1
DA:44,1
DA:45,1
DA:54,1
DA:60,0
DA:72,3
DA:73,3
DA:74,3
DA:75,3
DA:79,3
DA:80,1
DA:86,2
DA:88,2
DA:89,1
DA:95,1
DA:100,1
DA:108,0
DA:120,2
DA:121,2
DA:122,2
DA:123,2
DA:127,2
DA:128,1
DA:134,1
DA:138,1
DA:145,0
DA:157,3
DA:158,3
DA:159,3
DA:165,3
DA:166,3
DA:168,3
DA:169,1
DA:175,2
DA:179,2
DA:180,1
DA:186,1
DA:190,1
DA:198,0
DA:209,2
DA:210,2
DA:211,2
DA:213,2
DA:217,2
DA:218,1
DA:224,1
DA:231,0
DA:243,2
DA:244,2
DA:245,2
DA:246,2
DA:249,2
DA:250,0
DA:257,2
DA:261,2
DA:262,1
DA:269,1
DA:274,1
DA:282,0
DA:294,2
DA:295,2
DA:296,2
DA:298,2
DA:302,2
DA:303,1
DA:309,1
DA:313,1
DA:320,0
LF:78
LH:69
BRDA:15,0,0,1
BRDA:15,0,1,1
BRDA:15,1,0,2
BRDA:15,1,1,1
BRDA:15,1,2,1
BRDA:15,1,3,1
BRDA:79,2,0,1
BRDA:79,2,1,2
BRDA:88,3,0,1
BRDA:88,3,1,1
BRDA:88,4,0,2
BRDA:88,4,1,1
BRDA:88,4,2,1
BRDA:88,4,3,1
BRDA:127,5,0,1
BRDA:127,5,1,1
BRDA:168,6,0,1
BRDA:168,6,1,2
BRDA:168,7,0,3
BRDA:168,7,1,3
BRDA:168,7,2,2
BRDA:168,7,3,2
BRDA:168,7,4,2
BRDA:179,8,0,1
BRDA:179,8,1,1
BRDA:217,9,0,1
BRDA:217,9,1,1
BRDA:249,10,0,0
BRDA:249,10,1,2
BRDA:249,11,0,2
BRDA:249,11,1,2
BRDA:249,11,2,2
BRDA:249,11,3,2
BRDA:261,12,0,1
BRDA:261,12,1,1
BRDA:302,13,0,1
BRDA:302,13,1,1
BRF:37
BRH:36
end_of_record
TN:
SF:src\routes\commentsRoutes.ts
FNF:0
FNH:0
DA:1,1
DA:2,1
DA:13,1
DA:15,1
DA:16,1
DA:17,1
DA:18,1
DA:19,1
DA:20,1
DA:21,1
DA:22,1
DA:24,1
LF:12
LH:12
BRF:0
BRH:0
end_of_record
